<?xml version="1.0" encoding="UTF-8"?>
<!-- Generated by org.testng.reporters.JUnitReportReporter -->
<testsuite hostname="DESKTOP-7FMA2E4" failures="0" tests="18" name="runner.TestRunner" time="25.512" errors="0" timestamp="2022-08-17T10:40:38 IST" skipped="0">
  <testcase classname="runner.TestRunner" name="runScenario" time="0.671"/>
  <system-out/>
  <testcase classname="runner.TestRunner" name="runScenario" time="6.373"/>
  <system-out/>
  <testcase classname="runner.TestRunner" name="runScenario" time="0.330"/>
  <system-out/>
  <testcase classname="runner.TestRunner" name="runScenario" time="0.695"/>
  <system-out/>
  <testcase classname="runner.TestRunner" name="runScenario" time="1.449"/>
  <system-out/>
  <testcase classname="runner.TestRunner" name="runScenario" time="0.319"/>
  <system-out/>
  <testcase classname="runner.TestRunner" name="runScenario" time="0.453"/>
  <system-out/>
  <testcase classname="runner.TestRunner" name="runScenario" time="1.471"/>
  <system-out/>
  <testcase classname="runner.TestRunner" name="runScenario" time="0.431"/>
  <system-out/>
  <testcase classname="runner.TestRunner" name="runScenario" time="1.203"/>
  <system-out/>
  <testcase classname="runner.TestRunner" name="runScenario" time="0.218"/>
  <system-out/>
  <testcase classname="runner.TestRunner" name="runScenario" time="1.303"/>
  <system-out/>
  <testcase classname="runner.TestRunner" name="runScenario" time="0.809"/>
  <system-out/>
  <testcase classname="runner.TestRunner" name="runScenario" time="1.179"/>
  <system-out/>
  <testcase classname="runner.TestRunner" name="runScenario" time="0.787"/>
  <system-out/>
  <testcase classname="runner.TestRunner" name="runScenario" time="0.257"/>
  <system-out/>
  <testcase classname="runner.TestRunner" name="runScenario" time="0.908"/>
  <system-out/>
  <testcase classname="runner.TestRunner" name="runScenario" time="6.656"/>
  <system-out/>
</testsuite> <!-- runner.TestRunner -->
