<?xml version="1.0" encoding="UTF-8"?>
<!-- Generated by org.testng.reporters.JUnitReportReporter -->
<testsuite hostname="DESKTOP-7FMA2E4" failures="0" tests="18" name="runner.TestRunner" time="72.645" errors="0" timestamp="2022-08-16T10:22:26 IST" skipped="0">
  <testcase classname="runner.TestRunner" name="runScenario" time="0.603"/>
  <system-out/>
  <testcase classname="runner.TestRunner" name="runScenario" time="4.563"/>
  <system-out/>
  <testcase classname="runner.TestRunner" name="runScenario" time="1.504"/>
  <system-out/>
  <testcase classname="runner.TestRunner" name="runScenario" time="1.312"/>
  <system-out/>
  <testcase classname="runner.TestRunner" name="runScenario" time="29.197"/>
  <system-out/>
  <testcase classname="runner.TestRunner" name="runScenario" time="0.510"/>
  <system-out/>
  <testcase classname="runner.TestRunner" name="runScenario" time="0.598"/>
  <system-out/>
  <testcase classname="runner.TestRunner" name="runScenario" time="4.854"/>
  <system-out/>
  <testcase classname="runner.TestRunner" name="runScenario" time="0.853"/>
  <system-out/>
  <testcase classname="runner.TestRunner" name="runScenario" time="10.301"/>
  <system-out/>
  <testcase classname="runner.TestRunner" name="runScenario" time="1.381"/>
  <system-out/>
  <testcase classname="runner.TestRunner" name="runScenario" time="0.657"/>
  <system-out/>
  <testcase classname="runner.TestRunner" name="runScenario" time="1.271"/>
  <system-out/>
  <testcase classname="runner.TestRunner" name="runScenario" time="1.690"/>
  <system-out/>
  <testcase classname="runner.TestRunner" name="runScenario" time="0.518"/>
  <system-out/>
  <testcase classname="runner.TestRunner" name="runScenario" time="10.385"/>
  <system-out/>
  <testcase classname="runner.TestRunner" name="runScenario" time="2.149"/>
  <system-out/>
  <testcase classname="runner.TestRunner" name="runScenario" time="0.299"/>
  <system-out/>
</testsuite> <!-- runner.TestRunner -->
